F:\C#\CSHARP\PROJECT FILES\NEW\190715\CLIENT\CLIENT\DEBUG\CLIENT.PCH
F:\C#\CSHARP\PROJECT FILES\NEW\190715\CLIENT\CLIENT\DEBUG\STDAFX.OBJ
F:\C#\CSHARP\PROJECT FILES\NEW\190715\CLIENT\CLIENT\DEBUG\VC110.PDB
F:\C#\CSHARP\PROJECT FILES\NEW\190715\CLIENT\CLIENT\DEBUG\CLIENT.OBJ
F:\C#\CSHARP\PROJECT FILES\NEW\190715\CLIENT\DEBUG\CLIENT.ILK
F:\C#\CSHARP\PROJECT FILES\NEW\190715\CLIENT\DEBUG\CLIENT.EXE
F:\C#\CSHARP\PROJECT FILES\NEW\190715\CLIENT\DEBUG\CLIENT.PDB
F:\c#\csharp\project files\new\190715\client\client\Debug\client.obj
F:\c#\csharp\project files\new\190715\client\client\Debug\stdafx.obj
F:\c#\csharp\project files\new\190715\client\client\Debug\cl.command.1.tlog
F:\c#\csharp\project files\new\190715\client\client\Debug\CL.read.1.tlog
F:\c#\csharp\project files\new\190715\client\client\Debug\CL.write.1.tlog
F:\c#\csharp\project files\new\190715\client\client\Debug\link-cvtres.read.1.tlog
F:\c#\csharp\project files\new\190715\client\client\Debug\link-cvtres.write.1.tlog
F:\c#\csharp\project files\new\190715\client\client\Debug\link-rc.read.1.tlog
F:\c#\csharp\project files\new\190715\client\client\Debug\link-rc.write.1.tlog
F:\c#\csharp\project files\new\190715\client\client\Debug\link.3952-cvtres.read.1.tlog
F:\c#\csharp\project files\new\190715\client\client\Debug\link.3952-cvtres.write.1.tlog
F:\c#\csharp\project files\new\190715\client\client\Debug\link.3952-rc.read.1.tlog
F:\c#\csharp\project files\new\190715\client\client\Debug\link.3952-rc.write.1.tlog
F:\c#\csharp\project files\new\190715\client\client\Debug\link.3952.read.1.tlog
F:\c#\csharp\project files\new\190715\client\client\Debug\link.3952.write.1.tlog
F:\c#\csharp\project files\new\190715\client\client\Debug\link.command.1.tlog
F:\c#\csharp\project files\new\190715\client\client\Debug\link.read.1.tlog
F:\c#\csharp\project files\new\190715\client\client\Debug\link.write.1.tlog
F:\c#\csharp\project files\new\190715\client\client\Debug\client.pch
F:\c#\csharp\project files\new\190715\client\client\Debug\vc110.idb
F:\c#\csharp\project files\new\190715\client\client\Debug\vc110.pdb
F:\c#\csharp\project files\new\190715\client\Debug\client.pdb
F:\c#\csharp\project files\new\190715\client\Debug\client.exe
F:\c#\csharp\project files\new\190715\client\Debug\client.ilk
