F:\C#\CSHARP\PROJECT FILES\NEW\190715\SERVER\SERVER\DEBUG\SERVER.PCH
F:\C#\CSHARP\PROJECT FILES\NEW\190715\SERVER\SERVER\DEBUG\STDAFX.OBJ
F:\C#\CSHARP\PROJECT FILES\NEW\190715\SERVER\SERVER\DEBUG\VC110.PDB
F:\C#\CSHARP\PROJECT FILES\NEW\190715\SERVER\SERVER\DEBUG\SERVER.OBJ
F:\C#\CSHARP\PROJECT FILES\NEW\190715\SERVER\DEBUG\SERVER.ILK
F:\C#\CSHARP\PROJECT FILES\NEW\190715\SERVER\DEBUG\SERVER.EXE
F:\C#\CSHARP\PROJECT FILES\NEW\190715\SERVER\DEBUG\SERVER.PDB
F:\c#\csharp\project files\new\190715\server\server\Debug\server.obj
F:\c#\csharp\project files\new\190715\server\server\Debug\stdafx.obj
F:\c#\csharp\project files\new\190715\server\server\Debug\cl.command.1.tlog
F:\c#\csharp\project files\new\190715\server\server\Debug\CL.read.1.tlog
F:\c#\csharp\project files\new\190715\server\server\Debug\CL.write.1.tlog
F:\c#\csharp\project files\new\190715\server\server\Debug\link-cvtres.read.1.tlog
F:\c#\csharp\project files\new\190715\server\server\Debug\link-cvtres.write.1.tlog
F:\c#\csharp\project files\new\190715\server\server\Debug\link-rc.read.1.tlog
F:\c#\csharp\project files\new\190715\server\server\Debug\link-rc.write.1.tlog
F:\c#\csharp\project files\new\190715\server\server\Debug\link.1676-cvtres.read.1.tlog
F:\c#\csharp\project files\new\190715\server\server\Debug\link.1676-cvtres.write.1.tlog
F:\c#\csharp\project files\new\190715\server\server\Debug\link.1676-rc.read.1.tlog
F:\c#\csharp\project files\new\190715\server\server\Debug\link.1676-rc.write.1.tlog
F:\c#\csharp\project files\new\190715\server\server\Debug\link.1676.read.1.tlog
F:\c#\csharp\project files\new\190715\server\server\Debug\link.1676.write.1.tlog
F:\c#\csharp\project files\new\190715\server\server\Debug\link.5856-cvtres.read.1.tlog
F:\c#\csharp\project files\new\190715\server\server\Debug\link.5856-cvtres.write.1.tlog
F:\c#\csharp\project files\new\190715\server\server\Debug\link.5856-rc.read.1.tlog
F:\c#\csharp\project files\new\190715\server\server\Debug\link.5856-rc.write.1.tlog
F:\c#\csharp\project files\new\190715\server\server\Debug\link.5856.read.1.tlog
F:\c#\csharp\project files\new\190715\server\server\Debug\link.5856.write.1.tlog
F:\c#\csharp\project files\new\190715\server\server\Debug\link.6052-cvtres.read.1.tlog
F:\c#\csharp\project files\new\190715\server\server\Debug\link.6052-cvtres.write.1.tlog
F:\c#\csharp\project files\new\190715\server\server\Debug\link.6052-rc.read.1.tlog
F:\c#\csharp\project files\new\190715\server\server\Debug\link.6052-rc.write.1.tlog
F:\c#\csharp\project files\new\190715\server\server\Debug\link.6052.read.1.tlog
F:\c#\csharp\project files\new\190715\server\server\Debug\link.6052.write.1.tlog
F:\c#\csharp\project files\new\190715\server\server\Debug\link.command.1.tlog
F:\c#\csharp\project files\new\190715\server\server\Debug\link.read.1.tlog
F:\c#\csharp\project files\new\190715\server\server\Debug\link.write.1.tlog
F:\c#\csharp\project files\new\190715\server\server\Debug\server.pch
F:\c#\csharp\project files\new\190715\server\server\Debug\vc110.idb
F:\c#\csharp\project files\new\190715\server\server\Debug\vc110.pdb
F:\c#\csharp\project files\new\190715\server\Debug\server.pdb
F:\c#\csharp\project files\new\190715\server\Debug\server.exe
F:\c#\csharp\project files\new\190715\server\Debug\server.ilk
